ERROR - 03:04 - Could not get connection to database intance: No suitable driver found for pirate-supply-store.cbvhz1czalox.us-east-1.rds.amazonaws.com

Stack trace:

[Ljava.lang.StackTraceElement;@34033bd0
ERROR - 03:13 - Could not get connection to database intance: No suitable driver found for pirate-supply-store.cbvhz1czalox.us-east-1.rds.amazonaws.com

Stack trace:

[Ljava.lang.StackTraceElement;@61dc03ce
ERROR - 03:14 - Could not get connection to database intance: No suitable driver found for pirate-supply-store.cbvhz1czalox.us-east-1.rds.amazonaws.com

Stack trace:

[Ljava.lang.StackTraceElement;@61dc03ce
ERROR - 03:16 - Could not get connection to database intance: No suitable driver found for pirate-supply-store.cbvhz1czalox.us-east-1.rds.amazonaws.com

Stack trace:

[Ljava.lang.StackTraceElement;@61dc03ce
ERROR - 03:16 - Could not get connection to database intance: No suitable driver found for pirate-supply-store.cbvhz1czalox.us-east-1.rds.amazonaws.com

Stack trace:

[Ljava.lang.StackTraceElement;@61dc03ce
ERROR - 03:17 - Could not get connection to database intance: No suitable driver found for pirate-supply-store.cbvhz1czalox.us-east-1.rds.amazonaws.com

Stack trace:

[Ljava.lang.StackTraceElement;@61dc03ce
ERROR - 03:17 - Could not get connection to database intance: No suitable driver found for pirate-supply-store.cbvhz1czalox.us-east-1.rds.amazonaws.com

Stack trace:

[Ljava.lang.StackTraceElement;@61dc03ce
ERROR - 03:18 - Could not get connection to database intance: No suitable driver found for pirate-supply-store.cbvhz1czalox.us-east-1.rds.amazonaws.com

Stack trace:

[Ljava.lang.StackTraceElement;@61dc03ce
ERROR - 03:19 - Could not get connection to database intance: No suitable driver found for pirate-supply-store.cbvhz1czalox.us-east-1.rds.amazonaws.com

Stack trace:

java.sql.SQLException: No suitable driver found for pirate-supply-store.cbvhz1czalox.us-east-1.rds.amazonaws.com
INFO - 03:21 - Application starting up...
INFO - 03:21 - Main menu options displayed...
ERROR - 03:21 - Could not get connection to database intance: No suitable driver found for pirate-supply-store.cbvhz1czalox.us-east-1.rds.amazonaws.com

Stack trace:

java.sql.SQLException: No suitable driver found for pirate-supply-store.cbvhz1czalox.us-east-1.rds.amazonaws.com
ERROR - 03:25 - Could not get connection to database intance: No suitable driver found for pirate-supply-store.cbvhz1czalox.us-east-1.rds.amazonaws.com

Stack trace:

java.sql.SQLException: No suitable driver found for pirate-supply-store.cbvhz1czalox.us-east-1.rds.amazonaws.com
ERROR - 03:26 - Could not get connection to database intance: No suitable driver found for pirate-supply-store.cbvhz1czalox.us-east-1.rds.amazonaws.com

Stack trace:

java.sql.SQLException: No suitable driver found for pirate-supply-store.cbvhz1czalox.us-east-1.rds.amazonaws.com
ERROR - 03:26 - Could not get connection to database intance: No suitable driver found for pirate-supply-store.cbvhz1czalox.us-east-1.rds.amazonaws.com

Stack trace:

java.sql.SQLException: No suitable driver found for pirate-supply-store.cbvhz1czalox.us-east-1.rds.amazonaws.com
